<?xml version="1.0" encoding="UTF-8"?>
<testsuite xmlns:xsi="http://www.w3.org/2001/XMLSchema-instance" xsi:noNamespaceSchemaLocation="https://maven.apache.org/surefire/maven-surefire-plugin/xsd/surefire-test-report.xsd" name="org.apache.seata.TestApplication" time="7.548" tests="2" errors="1" skipped="0" failures="0">
  <properties>
    <property name="sun.desktop" value="windows"/>
    <property name="awt.toolkit" value="sun.awt.windows.WToolkit"/>
    <property name="file.encoding.pkg" value="sun.io"/>
    <property name="java.specification.version" value="1.8"/>
    <property name="sun.cpu.isalist" value="amd64"/>
    <property name="sun.jnu.encoding" value="GBK"/>
    <property name="java.class.path" value="D:\项目\后端自研\seata购物模拟\incubator-seata-samples-master\at-sample\springboot-mybatis-seata\target\test-classes;D:\项目\后端自研\seata购物模拟\incubator-seata-samples-master\at-sample\springboot-mybatis-seata\target\classes;D:\MAVEN-local repository\org\springframework\boot\spring-boot-starter\2.7.0\spring-boot-starter-2.7.0.jar;D:\MAVEN-local repository\org\springframework\boot\spring-boot\2.7.0\spring-boot-2.7.0.jar;D:\MAVEN-local repository\org\springframework\spring-context\5.3.20\spring-context-5.3.20.jar;D:\MAVEN-local repository\org\springframework\boot\spring-boot-autoconfigure\2.7.0\spring-boot-autoconfigure-2.7.0.jar;D:\MAVEN-local repository\org\springframework\boot\spring-boot-starter-logging\2.7.0\spring-boot-starter-logging-2.7.0.jar;D:\MAVEN-local repository\ch\qos\logback\logback-classic\1.2.11\logback-classic-1.2.11.jar;D:\MAVEN-local repository\ch\qos\logback\logback-core\1.2.11\logback-core-1.2.11.jar;D:\MAVEN-local repository\org\apache\logging\log4j\log4j-to-slf4j\2.17.2\log4j-to-slf4j-2.17.2.jar;D:\MAVEN-local repository\org\apache\logging\log4j\log4j-api\2.17.2\log4j-api-2.17.2.jar;D:\MAVEN-local repository\org\slf4j\jul-to-slf4j\1.7.36\jul-to-slf4j-1.7.36.jar;D:\MAVEN-local repository\jakarta\annotation\jakarta.annotation-api\1.3.5\jakarta.annotation-api-1.3.5.jar;D:\MAVEN-local repository\org\springframework\spring-core\5.3.20\spring-core-5.3.20.jar;D:\MAVEN-local repository\org\springframework\spring-jcl\5.3.20\spring-jcl-5.3.20.jar;D:\MAVEN-local repository\org\yaml\snakeyaml\1.30\snakeyaml-1.30.jar;D:\MAVEN-local repository\org\springframework\boot\spring-boot-starter-test\2.7.0\spring-boot-starter-test-2.7.0.jar;D:\MAVEN-local repository\org\springframework\boot\spring-boot-test\2.7.0\spring-boot-test-2.7.0.jar;D:\MAVEN-local repository\org\springframework\boot\spring-boot-test-autoconfigure\2.7.0\spring-boot-test-autoconfigure-2.7.0.jar;D:\MAVEN-local repository\com\jayway\jsonpath\json-path\2.7.0\json-path-2.7.0.jar;D:\MAVEN-local repository\net\minidev\json-smart\2.4.8\json-smart-2.4.8.jar;D:\MAVEN-local repository\net\minidev\accessors-smart\2.4.8\accessors-smart-2.4.8.jar;D:\MAVEN-local repository\org\ow2\asm\asm\9.1\asm-9.1.jar;D:\MAVEN-local repository\org\slf4j\slf4j-api\1.7.36\slf4j-api-1.7.36.jar;D:\MAVEN-local repository\jakarta\xml\bind\jakarta.xml.bind-api\2.3.3\jakarta.xml.bind-api-2.3.3.jar;D:\MAVEN-local repository\jakarta\activation\jakarta.activation-api\1.2.2\jakarta.activation-api-1.2.2.jar;D:\MAVEN-local repository\org\assertj\assertj-core\3.22.0\assertj-core-3.22.0.jar;D:\MAVEN-local repository\org\hamcrest\hamcrest\2.2\hamcrest-2.2.jar;D:\MAVEN-local repository\org\junit\jupiter\junit-jupiter\5.8.2\junit-jupiter-5.8.2.jar;D:\MAVEN-local repository\org\junit\jupiter\junit-jupiter-params\5.8.2\junit-jupiter-params-5.8.2.jar;D:\MAVEN-local repository\org\mockito\mockito-core\4.5.1\mockito-core-4.5.1.jar;D:\MAVEN-local repository\net\bytebuddy\byte-buddy\1.12.10\byte-buddy-1.12.10.jar;D:\MAVEN-local repository\net\bytebuddy\byte-buddy-agent\1.12.10\byte-buddy-agent-1.12.10.jar;D:\MAVEN-local repository\org\objenesis\objenesis\3.2\objenesis-3.2.jar;D:\MAVEN-local repository\org\mockito\mockito-junit-jupiter\4.5.1\mockito-junit-jupiter-4.5.1.jar;D:\MAVEN-local repository\org\skyscreamer\jsonassert\1.5.0\jsonassert-1.5.0.jar;D:\MAVEN-local repository\com\vaadin\external\google\android-json\0.0.20131108.vaadin1\android-json-0.0.20131108.vaadin1.jar;D:\MAVEN-local repository\org\springframework\spring-test\5.3.20\spring-test-5.3.20.jar;D:\MAVEN-local repository\org\xmlunit\xmlunit-core\2.9.0\xmlunit-core-2.9.0.jar;D:\MAVEN-local repository\org\springframework\boot\spring-boot-starter-web\2.7.0\spring-boot-starter-web-2.7.0.jar;D:\MAVEN-local repository\org\springframework\boot\spring-boot-starter-json\2.7.0\spring-boot-starter-json-2.7.0.jar;D:\MAVEN-local repository\com\fasterxml\jackson\datatype\jackson-datatype-jdk8\2.13.3\jackson-datatype-jdk8-2.13.3.jar;D:\MAVEN-local repository\com\fasterxml\jackson\datatype\jackson-datatype-jsr310\2.13.3\jackson-datatype-jsr310-2.13.3.jar;D:\MAVEN-local repository\com\fasterxml\jackson\module\jackson-module-parameter-names\2.13.3\jackson-module-parameter-names-2.13.3.jar;D:\MAVEN-local repository\org\springframework\boot\spring-boot-starter-tomcat\2.7.0\spring-boot-starter-tomcat-2.7.0.jar;D:\MAVEN-local repository\org\apache\tomcat\embed\tomcat-embed-core\9.0.63\tomcat-embed-core-9.0.63.jar;D:\MAVEN-local repository\org\apache\tomcat\embed\tomcat-embed-el\9.0.63\tomcat-embed-el-9.0.63.jar;D:\MAVEN-local repository\org\apache\tomcat\embed\tomcat-embed-websocket\9.0.63\tomcat-embed-websocket-9.0.63.jar;D:\MAVEN-local repository\org\springframework\spring-web\5.3.20\spring-web-5.3.20.jar;D:\MAVEN-local repository\org\springframework\spring-beans\5.3.20\spring-beans-5.3.20.jar;D:\MAVEN-local repository\org\springframework\spring-webmvc\5.3.20\spring-webmvc-5.3.20.jar;D:\MAVEN-local repository\org\springframework\spring-aop\5.3.20\spring-aop-5.3.20.jar;D:\MAVEN-local repository\org\springframework\spring-expression\5.3.20\spring-expression-5.3.20.jar;D:\MAVEN-local repository\org\apache\seata\seata-spring-boot-starter\2.1.0\seata-spring-boot-starter-2.1.0.jar;D:\MAVEN-local repository\org\apache\seata\seata-spring-autoconfigure-client\2.1.0\seata-spring-autoconfigure-client-2.1.0.jar;D:\MAVEN-local repository\org\apache\seata\seata-spring-autoconfigure-core\2.1.0\seata-spring-autoconfigure-core-2.1.0.jar;D:\MAVEN-local repository\org\apache\seata\seata-all\2.1.0\seata-all-2.1.0.jar;D:\MAVEN-local repository\io\netty\netty-all\4.1.77.Final\netty-all-4.1.77.Final.jar;D:\MAVEN-local repository\io\netty\netty-codec-dns\4.1.77.Final\netty-codec-dns-4.1.77.Final.jar;D:\MAVEN-local repository\io\netty\netty-codec-haproxy\4.1.77.Final\netty-codec-haproxy-4.1.77.Final.jar;D:\MAVEN-local repository\io\netty\netty-codec-http\4.1.77.Final\netty-codec-http-4.1.77.Final.jar;D:\MAVEN-local repository\io\netty\netty-codec-http2\4.1.77.Final\netty-codec-http2-4.1.77.Final.jar;D:\MAVEN-local repository\io\netty\netty-codec-memcache\4.1.77.Final\netty-codec-memcache-4.1.77.Final.jar;D:\MAVEN-local repository\io\netty\netty-codec-mqtt\4.1.77.Final\netty-codec-mqtt-4.1.77.Final.jar;D:\MAVEN-local repository\io\netty\netty-codec-redis\4.1.77.Final\netty-codec-redis-4.1.77.Final.jar;D:\MAVEN-local repository\io\netty\netty-codec-smtp\4.1.77.Final\netty-codec-smtp-4.1.77.Final.jar;D:\MAVEN-local repository\io\netty\netty-codec-socks\4.1.77.Final\netty-codec-socks-4.1.77.Final.jar;D:\MAVEN-local repository\io\netty\netty-codec-stomp\4.1.77.Final\netty-codec-stomp-4.1.77.Final.jar;D:\MAVEN-local repository\io\netty\netty-codec-xml\4.1.77.Final\netty-codec-xml-4.1.77.Final.jar;D:\MAVEN-local repository\io\netty\netty-handler-proxy\4.1.77.Final\netty-handler-proxy-4.1.77.Final.jar;D:\MAVEN-local repository\io\netty\netty-resolver-dns\4.1.77.Final\netty-resolver-dns-4.1.77.Final.jar;D:\MAVEN-local repository\io\netty\netty-transport-rxtx\4.1.77.Final\netty-transport-rxtx-4.1.77.Final.jar;D:\MAVEN-local repository\io\netty\netty-transport-sctp\4.1.77.Final\netty-transport-sctp-4.1.77.Final.jar;D:\MAVEN-local repository\io\netty\netty-transport-udt\4.1.77.Final\netty-transport-udt-4.1.77.Final.jar;D:\MAVEN-local repository\io\netty\netty-transport-classes-epoll\4.1.77.Final\netty-transport-classes-epoll-4.1.77.Final.jar;D:\MAVEN-local repository\io\netty\netty-transport-native-unix-common\4.1.77.Final\netty-transport-native-unix-common-4.1.77.Final.jar;D:\MAVEN-local repository\io\netty\netty-transport-classes-kqueue\4.1.77.Final\netty-transport-classes-kqueue-4.1.77.Final.jar;D:\MAVEN-local repository\io\netty\netty-resolver-dns-classes-macos\4.1.77.Final\netty-resolver-dns-classes-macos-4.1.77.Final.jar;D:\MAVEN-local repository\io\netty\netty-transport-native-epoll\4.1.77.Final\netty-transport-native-epoll-4.1.77.Final-linux-x86_64.jar;D:\MAVEN-local repository\io\netty\netty-transport-native-epoll\4.1.77.Final\netty-transport-native-epoll-4.1.77.Final-linux-aarch_64.jar;D:\MAVEN-local repository\io\netty\netty-transport-native-kqueue\4.1.77.Final\netty-transport-native-kqueue-4.1.77.Final-osx-x86_64.jar;D:\MAVEN-local repository\io\netty\netty-transport-native-kqueue\4.1.77.Final\netty-transport-native-kqueue-4.1.77.Final-osx-aarch_64.jar;D:\MAVEN-local repository\io\netty\netty-resolver-dns-native-macos\4.1.77.Final\netty-resolver-dns-native-macos-4.1.77.Final-osx-x86_64.jar;D:\MAVEN-local repository\io\netty\netty-resolver-dns-native-macos\4.1.77.Final\netty-resolver-dns-native-macos-4.1.77.Final-osx-aarch_64.jar;D:\MAVEN-local repository\org\antlr\antlr4\4.8\antlr4-4.8.jar;D:\MAVEN-local repository\org\antlr\antlr4-runtime\4.8\antlr4-runtime-4.8.jar;D:\MAVEN-local repository\org\antlr\antlr-runtime\3.5.2\antlr-runtime-3.5.2.jar;D:\MAVEN-local repository\org\antlr\ST4\4.3\ST4-4.3.jar;D:\MAVEN-local repository\org\abego\treelayout\org.abego.treelayout.core\1.0.3\org.abego.treelayout.core-1.0.3.jar;D:\MAVEN-local repository\org\glassfish\javax.json\1.0.4\javax.json-1.0.4.jar;D:\MAVEN-local repository\com\ibm\icu\icu4j\61.1\icu4j-61.1.jar;D:\MAVEN-local repository\com\alibaba\fastjson\1.2.83\fastjson-1.2.83.jar;D:\MAVEN-local repository\com\alibaba\druid\1.2.7\druid-1.2.7.jar;D:\MAVEN-local repository\com\typesafe\config\1.2.1\config-1.2.1.jar;D:\MAVEN-local repository\commons-lang\commons-lang\2.6\commons-lang-2.6.jar;D:\MAVEN-local repository\org\apache\commons\commons-pool2\2.11.1\commons-pool2-2.11.1.jar;D:\MAVEN-local repository\commons-pool\commons-pool\1.6\commons-pool-1.6.jar;D:\MAVEN-local repository\org\apache\dubbo\extensions\dubbo-filter-seata\1.0.2\dubbo-filter-seata-1.0.2.jar;D:\MAVEN-local repository\aopalliance\aopalliance\1.0\aopalliance-1.0.jar;D:\MAVEN-local repository\com\google\guava\guava\32.1.3-jre\guava-32.1.3-jre.jar;D:\MAVEN-local repository\com\google\guava\failureaccess\1.0.1\failureaccess-1.0.1.jar;D:\MAVEN-local repository\com\google\code\findbugs\jsr305\3.0.2\jsr305-3.0.2.jar;D:\MAVEN-local repository\org\checkerframework\checker-qual\3.37.0\checker-qual-3.37.0.jar;D:\MAVEN-local repository\com\google\errorprone\error_prone_annotations\2.21.1\error_prone_annotations-2.21.1.jar;D:\MAVEN-local repository\com\google\j2objc\j2objc-annotations\2.8\j2objc-annotations-2.8.jar;D:\MAVEN-local repository\com\github\ben-manes\caffeine\caffeine\2.9.3\caffeine-2.9.3.jar;D:\MAVEN-local repository\com\fasterxml\jackson\core\jackson-databind\2.13.3\jackson-databind-2.13.3.jar;D:\MAVEN-local repository\com\fasterxml\jackson\core\jackson-annotations\2.13.3\jackson-annotations-2.13.3.jar;D:\MAVEN-local repository\com\fasterxml\jackson\core\jackson-core\2.13.3\jackson-core-2.13.3.jar;D:\MAVEN-local repository\org\springframework\boot\spring-boot-starter-jdbc\2.7.0\spring-boot-starter-jdbc-2.7.0.jar;D:\MAVEN-local repository\com\zaxxer\HikariCP\4.0.3\HikariCP-4.0.3.jar;D:\MAVEN-local repository\org\springframework\spring-jdbc\5.3.20\spring-jdbc-5.3.20.jar;D:\MAVEN-local repository\org\springframework\spring-tx\5.3.20\spring-tx-5.3.20.jar;D:\MAVEN-local repository\mysql\mysql-connector-java\8.0.28\mysql-connector-java-8.0.28.jar;D:\MAVEN-local repository\org\mybatis\spring\boot\mybatis-spring-boot-starter\2.2.2\mybatis-spring-boot-starter-2.2.2.jar;D:\MAVEN-local repository\org\mybatis\spring\boot\mybatis-spring-boot-autoconfigure\2.2.2\mybatis-spring-boot-autoconfigure-2.2.2.jar;D:\MAVEN-local repository\org\mybatis\mybatis\3.5.9\mybatis-3.5.9.jar;D:\MAVEN-local repository\org\mybatis\mybatis-spring\2.0.7\mybatis-spring-2.0.7.jar;D:\MAVEN-local repository\org\springdoc\springdoc-openapi-ui\1.7.0\springdoc-openapi-ui-1.7.0.jar;D:\MAVEN-local repository\org\springdoc\springdoc-openapi-webmvc-core\1.7.0\springdoc-openapi-webmvc-core-1.7.0.jar;D:\MAVEN-local repository\org\springdoc\springdoc-openapi-common\1.7.0\springdoc-openapi-common-1.7.0.jar;D:\MAVEN-local repository\io\swagger\core\v3\swagger-core\2.2.9\swagger-core-2.2.9.jar;D:\MAVEN-local repository\org\apache\commons\commons-lang3\3.12.0\commons-lang3-3.12.0.jar;D:\MAVEN-local repository\com\fasterxml\jackson\dataformat\jackson-dataformat-yaml\2.13.3\jackson-dataformat-yaml-2.13.3.jar;D:\MAVEN-local repository\io\swagger\core\v3\swagger-annotations\2.2.9\swagger-annotations-2.2.9.jar;D:\MAVEN-local repository\io\swagger\core\v3\swagger-models\2.2.9\swagger-models-2.2.9.jar;D:\MAVEN-local repository\jakarta\validation\jakarta.validation-api\2.0.2\jakarta.validation-api-2.0.2.jar;D:\MAVEN-local repository\org\webjars\swagger-ui\4.18.2\swagger-ui-4.18.2.jar;D:\MAVEN-local repository\org\projectlombok\lombok\1.18.24\lombok-1.18.24.jar;D:\MAVEN-local repository\io\lettuce\lettuce-core\5.1.8.RELEASE\lettuce-core-5.1.8.RELEASE.jar;D:\MAVEN-local repository\io\netty\netty-common\4.1.77.Final\netty-common-4.1.77.Final.jar;D:\MAVEN-local repository\io\netty\netty-handler\4.1.77.Final\netty-handler-4.1.77.Final.jar;D:\MAVEN-local repository\io\netty\netty-resolver\4.1.77.Final\netty-resolver-4.1.77.Final.jar;D:\MAVEN-local repository\io\netty\netty-buffer\4.1.77.Final\netty-buffer-4.1.77.Final.jar;D:\MAVEN-local repository\io\netty\netty-codec\4.1.77.Final\netty-codec-4.1.77.Final.jar;D:\MAVEN-local repository\io\netty\netty-transport\4.1.77.Final\netty-transport-4.1.77.Final.jar;D:\MAVEN-local repository\io\projectreactor\reactor-core\3.4.18\reactor-core-3.4.18.jar;D:\MAVEN-local repository\org\reactivestreams\reactive-streams\1.0.3\reactive-streams-1.0.3.jar;D:\MAVEN-local repository\org\junit\jupiter\junit-jupiter-engine\5.8.2\junit-jupiter-engine-5.8.2.jar;D:\MAVEN-local repository\org\junit\platform\junit-platform-engine\1.8.2\junit-platform-engine-1.8.2.jar;D:\MAVEN-local repository\org\apiguardian\apiguardian-api\1.1.2\apiguardian-api-1.1.2.jar;D:\MAVEN-local repository\org\junit\jupiter\junit-jupiter-api\5.8.2\junit-jupiter-api-5.8.2.jar;D:\MAVEN-local repository\org\opentest4j\opentest4j\1.2.0\opentest4j-1.2.0.jar;D:\MAVEN-local repository\org\junit\platform\junit-platform-commons\1.8.2\junit-platform-commons-1.8.2.jar;D:\MAVEN-local repository\junit\junit\4.13.2\junit-4.13.2.jar;D:\MAVEN-local repository\org\hamcrest\hamcrest-core\2.2\hamcrest-core-2.2.jar;"/>
    <property name="java.vm.vendor" value="Oracle Corporation"/>
    <property name="sun.arch.data.model" value="64"/>
    <property name="user.variant" value=""/>
    <property name="java.vendor.url" value="http://java.oracle.com/"/>
    <property name="user.timezone" value="Asia/Shanghai"/>
    <property name="java.vm.specification.version" value="1.8"/>
    <property name="os.name" value="Windows 10"/>
    <property name="user.country" value="CN"/>
    <property name="sun.java.launcher" value="SUN_STANDARD"/>
    <property name="sun.boot.library.path" value="C:\Program Files\Java\jdk1.8.0_321\jre\bin"/>
    <property name="sun.java.command" value="C:\Users\SONGRE~1\AppData\Local\Temp\surefire8668668609089482732\surefirebooter5825293541503569261.jar C:\Users\songrenjie\AppData\Local\Temp\surefire8668668609089482732 2024-12-11T16-17-15_708-jvmRun1 surefire7023727036153142103tmp surefire_04476749547355165212tmp"/>
    <property name="surefire.test.class.path" value="D:\项目\后端自研\seata购物模拟\incubator-seata-samples-master\at-sample\springboot-mybatis-seata\target\test-classes;D:\项目\后端自研\seata购物模拟\incubator-seata-samples-master\at-sample\springboot-mybatis-seata\target\classes;D:\MAVEN-local repository\org\springframework\boot\spring-boot-starter\2.7.0\spring-boot-starter-2.7.0.jar;D:\MAVEN-local repository\org\springframework\boot\spring-boot\2.7.0\spring-boot-2.7.0.jar;D:\MAVEN-local repository\org\springframework\spring-context\5.3.20\spring-context-5.3.20.jar;D:\MAVEN-local repository\org\springframework\boot\spring-boot-autoconfigure\2.7.0\spring-boot-autoconfigure-2.7.0.jar;D:\MAVEN-local repository\org\springframework\boot\spring-boot-starter-logging\2.7.0\spring-boot-starter-logging-2.7.0.jar;D:\MAVEN-local repository\ch\qos\logback\logback-classic\1.2.11\logback-classic-1.2.11.jar;D:\MAVEN-local repository\ch\qos\logback\logback-core\1.2.11\logback-core-1.2.11.jar;D:\MAVEN-local repository\org\apache\logging\log4j\log4j-to-slf4j\2.17.2\log4j-to-slf4j-2.17.2.jar;D:\MAVEN-local repository\org\apache\logging\log4j\log4j-api\2.17.2\log4j-api-2.17.2.jar;D:\MAVEN-local repository\org\slf4j\jul-to-slf4j\1.7.36\jul-to-slf4j-1.7.36.jar;D:\MAVEN-local repository\jakarta\annotation\jakarta.annotation-api\1.3.5\jakarta.annotation-api-1.3.5.jar;D:\MAVEN-local repository\org\springframework\spring-core\5.3.20\spring-core-5.3.20.jar;D:\MAVEN-local repository\org\springframework\spring-jcl\5.3.20\spring-jcl-5.3.20.jar;D:\MAVEN-local repository\org\yaml\snakeyaml\1.30\snakeyaml-1.30.jar;D:\MAVEN-local repository\org\springframework\boot\spring-boot-starter-test\2.7.0\spring-boot-starter-test-2.7.0.jar;D:\MAVEN-local repository\org\springframework\boot\spring-boot-test\2.7.0\spring-boot-test-2.7.0.jar;D:\MAVEN-local repository\org\springframework\boot\spring-boot-test-autoconfigure\2.7.0\spring-boot-test-autoconfigure-2.7.0.jar;D:\MAVEN-local repository\com\jayway\jsonpath\json-path\2.7.0\json-path-2.7.0.jar;D:\MAVEN-local repository\net\minidev\json-smart\2.4.8\json-smart-2.4.8.jar;D:\MAVEN-local repository\net\minidev\accessors-smart\2.4.8\accessors-smart-2.4.8.jar;D:\MAVEN-local repository\org\ow2\asm\asm\9.1\asm-9.1.jar;D:\MAVEN-local repository\org\slf4j\slf4j-api\1.7.36\slf4j-api-1.7.36.jar;D:\MAVEN-local repository\jakarta\xml\bind\jakarta.xml.bind-api\2.3.3\jakarta.xml.bind-api-2.3.3.jar;D:\MAVEN-local repository\jakarta\activation\jakarta.activation-api\1.2.2\jakarta.activation-api-1.2.2.jar;D:\MAVEN-local repository\org\assertj\assertj-core\3.22.0\assertj-core-3.22.0.jar;D:\MAVEN-local repository\org\hamcrest\hamcrest\2.2\hamcrest-2.2.jar;D:\MAVEN-local repository\org\junit\jupiter\junit-jupiter\5.8.2\junit-jupiter-5.8.2.jar;D:\MAVEN-local repository\org\junit\jupiter\junit-jupiter-params\5.8.2\junit-jupiter-params-5.8.2.jar;D:\MAVEN-local repository\org\mockito\mockito-core\4.5.1\mockito-core-4.5.1.jar;D:\MAVEN-local repository\net\bytebuddy\byte-buddy\1.12.10\byte-buddy-1.12.10.jar;D:\MAVEN-local repository\net\bytebuddy\byte-buddy-agent\1.12.10\byte-buddy-agent-1.12.10.jar;D:\MAVEN-local repository\org\objenesis\objenesis\3.2\objenesis-3.2.jar;D:\MAVEN-local repository\org\mockito\mockito-junit-jupiter\4.5.1\mockito-junit-jupiter-4.5.1.jar;D:\MAVEN-local repository\org\skyscreamer\jsonassert\1.5.0\jsonassert-1.5.0.jar;D:\MAVEN-local repository\com\vaadin\external\google\android-json\0.0.20131108.vaadin1\android-json-0.0.20131108.vaadin1.jar;D:\MAVEN-local repository\org\springframework\spring-test\5.3.20\spring-test-5.3.20.jar;D:\MAVEN-local repository\org\xmlunit\xmlunit-core\2.9.0\xmlunit-core-2.9.0.jar;D:\MAVEN-local repository\org\springframework\boot\spring-boot-starter-web\2.7.0\spring-boot-starter-web-2.7.0.jar;D:\MAVEN-local repository\org\springframework\boot\spring-boot-starter-json\2.7.0\spring-boot-starter-json-2.7.0.jar;D:\MAVEN-local repository\com\fasterxml\jackson\datatype\jackson-datatype-jdk8\2.13.3\jackson-datatype-jdk8-2.13.3.jar;D:\MAVEN-local repository\com\fasterxml\jackson\datatype\jackson-datatype-jsr310\2.13.3\jackson-datatype-jsr310-2.13.3.jar;D:\MAVEN-local repository\com\fasterxml\jackson\module\jackson-module-parameter-names\2.13.3\jackson-module-parameter-names-2.13.3.jar;D:\MAVEN-local repository\org\springframework\boot\spring-boot-starter-tomcat\2.7.0\spring-boot-starter-tomcat-2.7.0.jar;D:\MAVEN-local repository\org\apache\tomcat\embed\tomcat-embed-core\9.0.63\tomcat-embed-core-9.0.63.jar;D:\MAVEN-local repository\org\apache\tomcat\embed\tomcat-embed-el\9.0.63\tomcat-embed-el-9.0.63.jar;D:\MAVEN-local repository\org\apache\tomcat\embed\tomcat-embed-websocket\9.0.63\tomcat-embed-websocket-9.0.63.jar;D:\MAVEN-local repository\org\springframework\spring-web\5.3.20\spring-web-5.3.20.jar;D:\MAVEN-local repository\org\springframework\spring-beans\5.3.20\spring-beans-5.3.20.jar;D:\MAVEN-local repository\org\springframework\spring-webmvc\5.3.20\spring-webmvc-5.3.20.jar;D:\MAVEN-local repository\org\springframework\spring-aop\5.3.20\spring-aop-5.3.20.jar;D:\MAVEN-local repository\org\springframework\spring-expression\5.3.20\spring-expression-5.3.20.jar;D:\MAVEN-local repository\org\apache\seata\seata-spring-boot-starter\2.1.0\seata-spring-boot-starter-2.1.0.jar;D:\MAVEN-local repository\org\apache\seata\seata-spring-autoconfigure-client\2.1.0\seata-spring-autoconfigure-client-2.1.0.jar;D:\MAVEN-local repository\org\apache\seata\seata-spring-autoconfigure-core\2.1.0\seata-spring-autoconfigure-core-2.1.0.jar;D:\MAVEN-local repository\org\apache\seata\seata-all\2.1.0\seata-all-2.1.0.jar;D:\MAVEN-local repository\io\netty\netty-all\4.1.77.Final\netty-all-4.1.77.Final.jar;D:\MAVEN-local repository\io\netty\netty-codec-dns\4.1.77.Final\netty-codec-dns-4.1.77.Final.jar;D:\MAVEN-local repository\io\netty\netty-codec-haproxy\4.1.77.Final\netty-codec-haproxy-4.1.77.Final.jar;D:\MAVEN-local repository\io\netty\netty-codec-http\4.1.77.Final\netty-codec-http-4.1.77.Final.jar;D:\MAVEN-local repository\io\netty\netty-codec-http2\4.1.77.Final\netty-codec-http2-4.1.77.Final.jar;D:\MAVEN-local repository\io\netty\netty-codec-memcache\4.1.77.Final\netty-codec-memcache-4.1.77.Final.jar;D:\MAVEN-local repository\io\netty\netty-codec-mqtt\4.1.77.Final\netty-codec-mqtt-4.1.77.Final.jar;D:\MAVEN-local repository\io\netty\netty-codec-redis\4.1.77.Final\netty-codec-redis-4.1.77.Final.jar;D:\MAVEN-local repository\io\netty\netty-codec-smtp\4.1.77.Final\netty-codec-smtp-4.1.77.Final.jar;D:\MAVEN-local repository\io\netty\netty-codec-socks\4.1.77.Final\netty-codec-socks-4.1.77.Final.jar;D:\MAVEN-local repository\io\netty\netty-codec-stomp\4.1.77.Final\netty-codec-stomp-4.1.77.Final.jar;D:\MAVEN-local repository\io\netty\netty-codec-xml\4.1.77.Final\netty-codec-xml-4.1.77.Final.jar;D:\MAVEN-local repository\io\netty\netty-handler-proxy\4.1.77.Final\netty-handler-proxy-4.1.77.Final.jar;D:\MAVEN-local repository\io\netty\netty-resolver-dns\4.1.77.Final\netty-resolver-dns-4.1.77.Final.jar;D:\MAVEN-local repository\io\netty\netty-transport-rxtx\4.1.77.Final\netty-transport-rxtx-4.1.77.Final.jar;D:\MAVEN-local repository\io\netty\netty-transport-sctp\4.1.77.Final\netty-transport-sctp-4.1.77.Final.jar;D:\MAVEN-local repository\io\netty\netty-transport-udt\4.1.77.Final\netty-transport-udt-4.1.77.Final.jar;D:\MAVEN-local repository\io\netty\netty-transport-classes-epoll\4.1.77.Final\netty-transport-classes-epoll-4.1.77.Final.jar;D:\MAVEN-local repository\io\netty\netty-transport-native-unix-common\4.1.77.Final\netty-transport-native-unix-common-4.1.77.Final.jar;D:\MAVEN-local repository\io\netty\netty-transport-classes-kqueue\4.1.77.Final\netty-transport-classes-kqueue-4.1.77.Final.jar;D:\MAVEN-local repository\io\netty\netty-resolver-dns-classes-macos\4.1.77.Final\netty-resolver-dns-classes-macos-4.1.77.Final.jar;D:\MAVEN-local repository\io\netty\netty-transport-native-epoll\4.1.77.Final\netty-transport-native-epoll-4.1.77.Final-linux-x86_64.jar;D:\MAVEN-local repository\io\netty\netty-transport-native-epoll\4.1.77.Final\netty-transport-native-epoll-4.1.77.Final-linux-aarch_64.jar;D:\MAVEN-local repository\io\netty\netty-transport-native-kqueue\4.1.77.Final\netty-transport-native-kqueue-4.1.77.Final-osx-x86_64.jar;D:\MAVEN-local repository\io\netty\netty-transport-native-kqueue\4.1.77.Final\netty-transport-native-kqueue-4.1.77.Final-osx-aarch_64.jar;D:\MAVEN-local repository\io\netty\netty-resolver-dns-native-macos\4.1.77.Final\netty-resolver-dns-native-macos-4.1.77.Final-osx-x86_64.jar;D:\MAVEN-local repository\io\netty\netty-resolver-dns-native-macos\4.1.77.Final\netty-resolver-dns-native-macos-4.1.77.Final-osx-aarch_64.jar;D:\MAVEN-local repository\org\antlr\antlr4\4.8\antlr4-4.8.jar;D:\MAVEN-local repository\org\antlr\antlr4-runtime\4.8\antlr4-runtime-4.8.jar;D:\MAVEN-local repository\org\antlr\antlr-runtime\3.5.2\antlr-runtime-3.5.2.jar;D:\MAVEN-local repository\org\antlr\ST4\4.3\ST4-4.3.jar;D:\MAVEN-local repository\org\abego\treelayout\org.abego.treelayout.core\1.0.3\org.abego.treelayout.core-1.0.3.jar;D:\MAVEN-local repository\org\glassfish\javax.json\1.0.4\javax.json-1.0.4.jar;D:\MAVEN-local repository\com\ibm\icu\icu4j\61.1\icu4j-61.1.jar;D:\MAVEN-local repository\com\alibaba\fastjson\1.2.83\fastjson-1.2.83.jar;D:\MAVEN-local repository\com\alibaba\druid\1.2.7\druid-1.2.7.jar;D:\MAVEN-local repository\com\typesafe\config\1.2.1\config-1.2.1.jar;D:\MAVEN-local repository\commons-lang\commons-lang\2.6\commons-lang-2.6.jar;D:\MAVEN-local repository\org\apache\commons\commons-pool2\2.11.1\commons-pool2-2.11.1.jar;D:\MAVEN-local repository\commons-pool\commons-pool\1.6\commons-pool-1.6.jar;D:\MAVEN-local repository\org\apache\dubbo\extensions\dubbo-filter-seata\1.0.2\dubbo-filter-seata-1.0.2.jar;D:\MAVEN-local repository\aopalliance\aopalliance\1.0\aopalliance-1.0.jar;D:\MAVEN-local repository\com\google\guava\guava\32.1.3-jre\guava-32.1.3-jre.jar;D:\MAVEN-local repository\com\google\guava\failureaccess\1.0.1\failureaccess-1.0.1.jar;D:\MAVEN-local repository\com\google\code\findbugs\jsr305\3.0.2\jsr305-3.0.2.jar;D:\MAVEN-local repository\org\checkerframework\checker-qual\3.37.0\checker-qual-3.37.0.jar;D:\MAVEN-local repository\com\google\errorprone\error_prone_annotations\2.21.1\error_prone_annotations-2.21.1.jar;D:\MAVEN-local repository\com\google\j2objc\j2objc-annotations\2.8\j2objc-annotations-2.8.jar;D:\MAVEN-local repository\com\github\ben-manes\caffeine\caffeine\2.9.3\caffeine-2.9.3.jar;D:\MAVEN-local repository\com\fasterxml\jackson\core\jackson-databind\2.13.3\jackson-databind-2.13.3.jar;D:\MAVEN-local repository\com\fasterxml\jackson\core\jackson-annotations\2.13.3\jackson-annotations-2.13.3.jar;D:\MAVEN-local repository\com\fasterxml\jackson\core\jackson-core\2.13.3\jackson-core-2.13.3.jar;D:\MAVEN-local repository\org\springframework\boot\spring-boot-starter-jdbc\2.7.0\spring-boot-starter-jdbc-2.7.0.jar;D:\MAVEN-local repository\com\zaxxer\HikariCP\4.0.3\HikariCP-4.0.3.jar;D:\MAVEN-local repository\org\springframework\spring-jdbc\5.3.20\spring-jdbc-5.3.20.jar;D:\MAVEN-local repository\org\springframework\spring-tx\5.3.20\spring-tx-5.3.20.jar;D:\MAVEN-local repository\mysql\mysql-connector-java\8.0.28\mysql-connector-java-8.0.28.jar;D:\MAVEN-local repository\org\mybatis\spring\boot\mybatis-spring-boot-starter\2.2.2\mybatis-spring-boot-starter-2.2.2.jar;D:\MAVEN-local repository\org\mybatis\spring\boot\mybatis-spring-boot-autoconfigure\2.2.2\mybatis-spring-boot-autoconfigure-2.2.2.jar;D:\MAVEN-local repository\org\mybatis\mybatis\3.5.9\mybatis-3.5.9.jar;D:\MAVEN-local repository\org\mybatis\mybatis-spring\2.0.7\mybatis-spring-2.0.7.jar;D:\MAVEN-local repository\org\springdoc\springdoc-openapi-ui\1.7.0\springdoc-openapi-ui-1.7.0.jar;D:\MAVEN-local repository\org\springdoc\springdoc-openapi-webmvc-core\1.7.0\springdoc-openapi-webmvc-core-1.7.0.jar;D:\MAVEN-local repository\org\springdoc\springdoc-openapi-common\1.7.0\springdoc-openapi-common-1.7.0.jar;D:\MAVEN-local repository\io\swagger\core\v3\swagger-core\2.2.9\swagger-core-2.2.9.jar;D:\MAVEN-local repository\org\apache\commons\commons-lang3\3.12.0\commons-lang3-3.12.0.jar;D:\MAVEN-local repository\com\fasterxml\jackson\dataformat\jackson-dataformat-yaml\2.13.3\jackson-dataformat-yaml-2.13.3.jar;D:\MAVEN-local repository\io\swagger\core\v3\swagger-annotations\2.2.9\swagger-annotations-2.2.9.jar;D:\MAVEN-local repository\io\swagger\core\v3\swagger-models\2.2.9\swagger-models-2.2.9.jar;D:\MAVEN-local repository\jakarta\validation\jakarta.validation-api\2.0.2\jakarta.validation-api-2.0.2.jar;D:\MAVEN-local repository\org\webjars\swagger-ui\4.18.2\swagger-ui-4.18.2.jar;D:\MAVEN-local repository\org\projectlombok\lombok\1.18.24\lombok-1.18.24.jar;D:\MAVEN-local repository\io\lettuce\lettuce-core\5.1.8.RELEASE\lettuce-core-5.1.8.RELEASE.jar;D:\MAVEN-local repository\io\netty\netty-common\4.1.77.Final\netty-common-4.1.77.Final.jar;D:\MAVEN-local repository\io\netty\netty-handler\4.1.77.Final\netty-handler-4.1.77.Final.jar;D:\MAVEN-local repository\io\netty\netty-resolver\4.1.77.Final\netty-resolver-4.1.77.Final.jar;D:\MAVEN-local repository\io\netty\netty-buffer\4.1.77.Final\netty-buffer-4.1.77.Final.jar;D:\MAVEN-local repository\io\netty\netty-codec\4.1.77.Final\netty-codec-4.1.77.Final.jar;D:\MAVEN-local repository\io\netty\netty-transport\4.1.77.Final\netty-transport-4.1.77.Final.jar;D:\MAVEN-local repository\io\projectreactor\reactor-core\3.4.18\reactor-core-3.4.18.jar;D:\MAVEN-local repository\org\reactivestreams\reactive-streams\1.0.3\reactive-streams-1.0.3.jar;D:\MAVEN-local repository\org\junit\jupiter\junit-jupiter-engine\5.8.2\junit-jupiter-engine-5.8.2.jar;D:\MAVEN-local repository\org\junit\platform\junit-platform-engine\1.8.2\junit-platform-engine-1.8.2.jar;D:\MAVEN-local repository\org\apiguardian\apiguardian-api\1.1.2\apiguardian-api-1.1.2.jar;D:\MAVEN-local repository\org\junit\jupiter\junit-jupiter-api\5.8.2\junit-jupiter-api-5.8.2.jar;D:\MAVEN-local repository\org\opentest4j\opentest4j\1.2.0\opentest4j-1.2.0.jar;D:\MAVEN-local repository\org\junit\platform\junit-platform-commons\1.8.2\junit-platform-commons-1.8.2.jar;D:\MAVEN-local repository\junit\junit\4.13.2\junit-4.13.2.jar;D:\MAVEN-local repository\org\hamcrest\hamcrest-core\2.2\hamcrest-core-2.2.jar;"/>
    <property name="sun.cpu.endian" value="little"/>
    <property name="user.home" value="C:\Users\songrenjie"/>
    <property name="user.language" value="zh"/>
    <property name="java.specification.vendor" value="Oracle Corporation"/>
    <property name="java.home" value="C:\Program Files\Java\jdk1.8.0_321\jre"/>
    <property name="basedir" value="D:\项目\后端自研\seata购物模拟\incubator-seata-samples-master\at-sample\springboot-mybatis-seata"/>
    <property name="file.separator" value="\"/>
    <property name="line.separator" value="&#10;"/>
    <property name="java.vm.specification.vendor" value="Oracle Corporation"/>
    <property name="java.specification.name" value="Java Platform API Specification"/>
    <property name="java.awt.graphicsenv" value="sun.awt.Win32GraphicsEnvironment"/>
    <property name="surefire.real.class.path" value="C:\Users\SONGRE~1\AppData\Local\Temp\surefire8668668609089482732\surefirebooter5825293541503569261.jar"/>
    <property name="sun.boot.class.path" value="C:\Program Files\Java\jdk1.8.0_321\jre\lib\resources.jar;C:\Program Files\Java\jdk1.8.0_321\jre\lib\rt.jar;C:\Program Files\Java\jdk1.8.0_321\jre\lib\sunrsasign.jar;C:\Program Files\Java\jdk1.8.0_321\jre\lib\jsse.jar;C:\Program Files\Java\jdk1.8.0_321\jre\lib\jce.jar;C:\Program Files\Java\jdk1.8.0_321\jre\lib\charsets.jar;C:\Program Files\Java\jdk1.8.0_321\jre\lib\jfr.jar;C:\Program Files\Java\jdk1.8.0_321\jre\classes"/>
    <property name="user.script" value=""/>
    <property name="sun.management.compiler" value="HotSpot 64-Bit Tiered Compilers"/>
    <property name="java.runtime.version" value="1.8.0_321-b07"/>
    <property name="user.name" value="songrenjie"/>
    <property name="path.separator" value=";"/>
    <property name="os.version" value="10.0"/>
    <property name="java.endorsed.dirs" value="C:\Program Files\Java\jdk1.8.0_321\jre\lib\endorsed"/>
    <property name="java.runtime.name" value="Java(TM) SE Runtime Environment"/>
    <property name="file.encoding" value="GBK"/>
    <property name="java.vm.name" value="Java HotSpot(TM) 64-Bit Server VM"/>
    <property name="localRepository" value="D:\MAVEN-local repository"/>
    <property name="java.vendor.url.bug" value="http://bugreport.sun.com/bugreport/"/>
    <property name="java.io.tmpdir" value="C:\Users\SONGRE~1\AppData\Local\Temp\"/>
    <property name="idea.version" value="2024.1.4"/>
    <property name="java.version" value="1.8.0_321"/>
    <property name="user.dir" value="D:\项目\后端自研\seata购物模拟\incubator-seata-samples-master\at-sample\springboot-mybatis-seata"/>
    <property name="os.arch" value="amd64"/>
    <property name="java.vm.specification.name" value="Java Virtual Machine Specification"/>
    <property name="java.awt.printerjob" value="sun.awt.windows.WPrinterJob"/>
    <property name="sun.os.patch.level" value=""/>
    <property name="java.library.path" value="C:\Program Files\Java\jdk1.8.0_321\jre\bin;C:\windows\Sun\Java\bin;C:\windows\system32;C:\windows;D:\软件\VMware\VMware Workstation\bin\;C:\Program Files (x86)\Common Files\Oracle\Java\javapath;C:\windows\system32;C:\windows;C:\windows\System32\Wbem;C:\windows\System32\WindowsPowerShell\v1.0\;C:\windows\System32\OpenSSH\;D:\软件\Git\cmd;C:\Program Files\Java\jdk1.8.0_321\bin;C:\Program Files\Java\jdk1.8.0_321\jre\bin;D:\apache-maven-3.6.0\bin;D:\nvm;C:\Program Files\nodejs;D:\软件\Redis\;D:\项目\视频推流及智能分析\ffmpeg-7.0.2-full_build\bin;C:\Users\songrenjie\AppData\Local\Microsoft\WindowsApps;D:\软件\IntelliJ IDEA 2024.1.4\bin;D:\软件\WebStorm 2024.1.5\bin;C:\Program Files\nodejs\node_global;C:\Program Files\nodejs\node_cache;D:\软件\Microsoft VS Code\Microsoft VS Code\bin;."/>
    <property name="java.vm.info" value="mixed mode"/>
    <property name="java.vendor" value="Oracle Corporation"/>
    <property name="java.vm.version" value="25.321-b07"/>
    <property name="java.ext.dirs" value="C:\Program Files\Java\jdk1.8.0_321\jre\lib\ext;C:\windows\Sun\Java\lib\ext"/>
    <property name="sun.io.unicode.encoding" value="UnicodeLittle"/>
    <property name="maven.repo.local" value="D:\MAVEN-local repository"/>
    <property name="java.class.version" value="52.0"/>
  </properties>
  <testcase name="testDelBigHashKey" classname="org.apache.seata.TestApplication" time="0.215">
    <error type="java.lang.NullPointerException">java.lang.NullPointerException
	at org.apache.seata.TestApplication.preparHashTestData(TestApplication.java:105)
	at org.apache.seata.TestApplication.testDelBigHashKey(TestApplication.java:101)
</error>
    <system-out><![CDATA[2024-12-11 16:17:17.102 [main] INFO  o.s.b.t.c.SpringBootTestContextBootstrapper - Neither @ContextConfiguration nor @ContextHierarchy found for test class [org.apache.seata.TestApplication], using SpringBootContextLoader
2024-12-11 16:17:17.107 [main] INFO  o.s.t.c.s.AbstractContextLoader - Could not detect default resource locations for test class [org.apache.seata.TestApplication]: no resource found for suffixes {-context.xml, Context.groovy}.
2024-12-11 16:17:17.107 [main] INFO  o.s.t.c.s.AnnotationConfigContextLoaderUtils - Could not detect default configuration classes for test class [org.apache.seata.TestApplication]: TestApplication does not declare any static, non-private, non-final, nested classes annotated with @Configuration.
2024-12-11 16:17:17.235 [main] INFO  o.s.b.t.c.SpringBootTestContextBootstrapper - Found @SpringBootConfiguration org.apache.seata.SpringbootSeataApplication for test class org.apache.seata.TestApplication
2024-12-11 16:17:17.299 [main] INFO  o.s.b.t.c.SpringBootTestContextBootstrapper - Loaded default TestExecutionListener class names from location [META-INF/spring.factories]: [org.springframework.boot.test.mock.mockito.MockitoTestExecutionListener, org.springframework.boot.test.mock.mockito.ResetMocksTestExecutionListener, org.springframework.boot.test.autoconfigure.restdocs.RestDocsTestExecutionListener, org.springframework.boot.test.autoconfigure.web.client.MockRestServiceServerResetTestExecutionListener, org.springframework.boot.test.autoconfigure.web.servlet.MockMvcPrintOnlyOnFailureTestExecutionListener, org.springframework.boot.test.autoconfigure.web.servlet.WebDriverTestExecutionListener, org.springframework.boot.test.autoconfigure.webservices.client.MockWebServiceServerTestExecutionListener, org.springframework.test.context.web.ServletTestExecutionListener, org.springframework.test.context.support.DirtiesContextBeforeModesTestExecutionListener, org.springframework.test.context.event.ApplicationEventsTestExecutionListener, org.springframework.test.context.support.DependencyInjectionTestExecutionListener, org.springframework.test.context.support.DirtiesContextTestExecutionListener, org.springframework.test.context.transaction.TransactionalTestExecutionListener, org.springframework.test.context.jdbc.SqlScriptsTestExecutionListener, org.springframework.test.context.event.EventPublishingTestExecutionListener]
2024-12-11 16:17:17.312 [main] INFO  o.s.b.t.c.SpringBootTestContextBootstrapper - Using TestExecutionListeners: [org.springframework.test.context.web.ServletTestExecutionListener@7f284218, org.springframework.test.context.support.DirtiesContextBeforeModesTestExecutionListener@407a7f2a, org.springframework.test.context.event.ApplicationEventsTestExecutionListener@4ea5b703, org.springframework.boot.test.mock.mockito.MockitoTestExecutionListener@2a7ed1f, org.springframework.boot.test.autoconfigure.SpringBootDependencyInjectionTestExecutionListener@3fa247d1, org.springframework.test.context.support.DirtiesContextTestExecutionListener@2cb2fc20, org.springframework.test.context.transaction.TransactionalTestExecutionListener@4f4c4b1a, org.springframework.test.context.jdbc.SqlScriptsTestExecutionListener@723e88f9, org.springframework.test.context.event.EventPublishingTestExecutionListener@5f0fd5a0, org.springframework.boot.test.mock.mockito.ResetMocksTestExecutionListener@64e7619d, org.springframework.boot.test.autoconfigure.restdocs.RestDocsTestExecutionListener@495ee280, org.springframework.boot.test.autoconfigure.web.client.MockRestServiceServerResetTestExecutionListener@4fa1c212, org.springframework.boot.test.autoconfigure.web.servlet.MockMvcPrintOnlyOnFailureTestExecutionListener@6ea2bc93, org.springframework.boot.test.autoconfigure.web.servlet.WebDriverTestExecutionListener@3116c353, org.springframework.boot.test.autoconfigure.webservices.client.MockWebServiceServerTestExecutionListener@f627d13]

  .   ____          _            __ _ _
 /\\ / ___'_ __ _ _(_)_ __  __ _ \ \ \ \
( ( )\___ | '_ | '_| | '_ \/ _` | \ \ \ \
 \\/  ___)| |_)| | | | | || (_| |  ) ) ) )
  '  |____| .__|_| |_|_| |_\__, | / / / /
 =========|_|==============|___/=/_/_/_/
 :: Spring Boot ::                (v2.7.0)

2024-12-11 16:17:17.603 [main] INFO  org.apache.seata.TestApplication - Starting TestApplication using Java 1.8.0_321 on PC00130308 with PID 9496 (started by songrenjie in D:\项目\后端自研\seata购物模拟\incubator-seata-samples-master\at-sample\springboot-mybatis-seata)
2024-12-11 16:17:17.604 [main] INFO  org.apache.seata.TestApplication - No active profile set, falling back to 1 default profile: "default"
2024-12-11 16:17:19.101 [main] INFO  o.s.c.s.PostProcessorRegistrationDelegate$BeanPostProcessorChecker - Bean 'org.apache.seata.spring.boot.autoconfigure.SeataCoreAutoConfiguration' of type [org.apache.seata.spring.boot.autoconfigure.SeataCoreAutoConfiguration] is not eligible for getting processed by all BeanPostProcessors (for example: not eligible for auto-proxying)
2024-12-11 16:17:19.109 [main] INFO  o.s.c.s.PostProcessorRegistrationDelegate$BeanPostProcessorChecker - Bean 'springApplicationContextProvider' of type [org.apache.seata.spring.boot.autoconfigure.provider.SpringApplicationContextProvider] is not eligible for getting processed by all BeanPostProcessors (for example: not eligible for auto-proxying)
2024-12-11 16:17:19.112 [main] INFO  o.s.c.s.PostProcessorRegistrationDelegate$BeanPostProcessorChecker - Bean 'org.apache.seata.spring.boot.autoconfigure.SeataAutoConfiguration' of type [org.apache.seata.spring.boot.autoconfigure.SeataAutoConfiguration] is not eligible for getting processed by all BeanPostProcessors (for example: not eligible for auto-proxying)
2024-12-11 16:17:19.178 [main] INFO  o.s.c.s.PostProcessorRegistrationDelegate$BeanPostProcessorChecker - Bean 'failureHandler' of type [org.apache.seata.tm.api.DefaultFailureHandlerImpl] is not eligible for getting processed by all BeanPostProcessors (for example: not eligible for auto-proxying)
2024-12-11 16:17:19.227 [main] INFO  o.s.c.s.PostProcessorRegistrationDelegate$BeanPostProcessorChecker - Bean 'springCloudAlibabaConfiguration' of type [org.apache.seata.spring.boot.autoconfigure.properties.SpringCloudAlibabaConfiguration] is not eligible for getting processed by all BeanPostProcessors (for example: not eligible for auto-proxying)
2024-12-11 16:17:19.233 [main] INFO  o.s.c.s.PostProcessorRegistrationDelegate$BeanPostProcessorChecker - Bean 'seataProperties' of type [org.apache.seata.spring.boot.autoconfigure.properties.SeataProperties] is not eligible for getting processed by all BeanPostProcessors (for example: not eligible for auto-proxying)
2024-12-11 16:17:19.237 [main] INFO  o.a.s.s.b.a.SeataAutoConfiguration - Automatically configure Seata
2024-12-11 16:17:19.279 [main] INFO  o.a.s.c.l.EnhancedServiceLoader$InnerEnhancedServiceLoader - Load compatible class io.seata.spring.annotation.ScannerChecker
2024-12-11 16:17:19.415 [main] INFO  o.a.s.c.l.EnhancedServiceLoader$InnerEnhancedServiceLoader - Ignore load compatible class io.seata.config.ExtConfigurationProvider, because is not assignable from origin type org.apache.seata.config.ExtConfigurationProvider
2024-12-11 16:17:19.429 [main] INFO  o.a.s.config.ConfigurationFactory - load Configuration from :Spring Configuration
2024-12-11 16:17:19.481 [main] INFO  o.a.s.c.l.EnhancedServiceLoader$InnerEnhancedServiceLoader - Load compatible class io.seata.integration.tx.api.remoting.RemotingParser
2024-12-11 16:17:19.482 [main] INFO  o.a.s.s.a.GlobalTransactionScanner - Initializing Global Transaction Clients ... 
2024-12-11 16:17:19.482 [main] WARN  o.a.s.s.a.GlobalTransactionScanner - the default value of seata.tx-service-group: my_test_tx_group has already changed to default_tx_group since Seata 1.5, please change your default configuration as soon as possible and we don't recommend you to use default tx-service-group's value provided by seata
2024-12-11 16:17:19.871 [main] INFO  o.a.s.c.l.EnhancedServiceLoader$InnerEnhancedServiceLoader - Load compatible class io.seata.core.auth.AuthSigner
2024-12-11 16:17:19.880 [main] INFO  o.a.s.c.r.netty.NettyClientBootstrap - NettyClientBootstrap has started
2024-12-11 16:17:19.884 [main] INFO  o.a.s.d.registry.RegistryFactory - use registry center type: file
2024-12-11 16:17:19.887 [main] INFO  o.a.s.c.l.EnhancedServiceLoader$InnerEnhancedServiceLoader - Load compatible class io.seata.discovery.registry.RegistryProvider
2024-12-11 16:17:19.892 [main] INFO  o.a.s.c.r.n.NettyClientChannelManager - will connect to 127.0.0.1:8091
2024-12-11 16:17:20.106 [main] INFO  o.a.s.c.r.netty.NettyPoolableFactory - NettyPool create channel to transactionRole:TMROLE,address:127.0.0.1:8091,msg:< RegisterTMRequest{version='2.1.0', applicationId='springboot-mybatis-seata', transactionServiceGroup='my_test_tx_group', extraData='ak=null
digest=my_test_tx_group,10.72.159.248,1733905040104
timestamp=1733905040104
authVersion=V4
vgroup=my_test_tx_group
ip=10.72.159.248
'} >
2024-12-11 16:17:21.023 [NettyClientSelector_TMROLE_1_1] INFO  o.a.s.c.l.EnhancedServiceLoader$InnerEnhancedServiceLoader - Load compatible class io.seata.core.serializer.Serializer
2024-12-11 16:17:21.045 [main] INFO  o.a.s.c.r.n.TmNettyRemotingClient - register TM success. client version:2.1.0, server version:2.2.0,channel:[id: 0x8b25a33e, L:/127.0.0.1:50408 - R:/127.0.0.1:8091]
2024-12-11 16:17:21.052 [main] INFO  o.a.s.c.r.netty.NettyPoolableFactory - register success, cost 52 ms, version:2.2.0,role:TMROLE,channel:[id: 0x8b25a33e, L:/127.0.0.1:50408 - R:/127.0.0.1:8091]
2024-12-11 16:17:21.052 [main] INFO  o.a.s.s.a.GlobalTransactionScanner - Transaction Manager Client is initialized. applicationId[springboot-mybatis-seata] txServiceGroup[my_test_tx_group]
2024-12-11 16:17:21.066 [main] INFO  o.a.s.c.l.EnhancedServiceLoader$InnerEnhancedServiceLoader - Load compatible class io.seata.core.model.ResourceManager
2024-12-11 16:17:21.068 [main] INFO  o.a.seata.rm.datasource.AsyncWorker - Async Commit Buffer Limit: 10000
2024-12-11 16:17:21.069 [main] INFO  o.a.s.r.d.xa.ResourceManagerXA - ResourceManagerXA init ...
2024-12-11 16:17:21.075 [main] INFO  o.a.s.c.r.netty.NettyClientBootstrap - NettyClientBootstrap has started
2024-12-11 16:17:21.075 [main] INFO  o.a.s.s.a.GlobalTransactionScanner - Resource Manager is initialized. applicationId[springboot-mybatis-seata] txServiceGroup[my_test_tx_group]
2024-12-11 16:17:21.075 [main] INFO  o.a.s.s.a.GlobalTransactionScanner - Global Transaction Clients are initialized. 
2024-12-11 16:17:21.104 [main] INFO  o.a.s.s.a.GlobalTransactionScanner - The needed enhancement business beans are : [businessServiceImpl]
2024-12-11 16:17:21.125 [main] INFO  o.a.s.c.l.EnhancedServiceLoader$InnerEnhancedServiceLoader - Load compatible class io.seata.core.context.ContextCore
2024-12-11 16:17:21.484 [main] INFO  com.zaxxer.hikari.HikariDataSource - HikariPool-1 - Starting...
2024-12-11 16:17:21.753 [main] INFO  com.zaxxer.hikari.HikariDataSource - HikariPool-1 - Start completed.
2024-12-11 16:17:21.911 [main] INFO  o.a.s.c.r.n.NettyClientChannelManager - will connect to 127.0.0.1:8091
2024-12-11 16:17:21.912 [main] INFO  o.a.s.c.r.n.RmNettyRemotingClient - RM will register :jdbc:mysql://127.0.0.1:3306/seata_server
2024-12-11 16:17:21.912 [main] INFO  o.a.s.c.r.netty.NettyPoolableFactory - NettyPool create channel to transactionRole:RMROLE,address:127.0.0.1:8091,msg:< RegisterRMRequest{resourceIds='jdbc:mysql://127.0.0.1:3306/seata_server', version='2.1.0', applicationId='springboot-mybatis-seata', transactionServiceGroup='my_test_tx_group', extraData='null'} >
2024-12-11 16:17:21.930 [main] INFO  o.a.s.c.r.n.RmNettyRemotingClient - register RM success. client version:2.1.0, server version:2.2.0,channel:[id: 0xc8856b0a, L:/127.0.0.1:50419 - R:/127.0.0.1:8091]
2024-12-11 16:17:21.931 [main] INFO  o.a.s.c.r.netty.NettyPoolableFactory - register success, cost 12 ms, version:2.2.0,role:RMROLE,channel:[id: 0xc8856b0a, L:/127.0.0.1:50419 - R:/127.0.0.1:8091]
2024-12-11 16:17:21.937 [main] INFO  o.a.s.s.a.d.SeataAutoDataSourceProxyCreator - Auto proxy data source 'dataSource' by 'AT' mode.
2024-12-11 16:17:22.410 [main] INFO  o.a.s.s.a.GlobalTransactionScanner - Bean [org.apache.seata.service.impl.BusinessServiceImpl] with name [businessServiceImpl] would use interceptor [org.apache.seata.integration.tx.api.interceptor.handler.GlobalTransactionalInterceptorHandler]
2024-12-11 16:17:23.908 [main] INFO  org.apache.seata.TestApplication - Started TestApplication in 6.567 seconds (JVM running for 7.687)
]]></system-out>
  </testcase>
  <testcase name="contextLoads" classname="org.apache.seata.TestApplication" time="0.342"/>
</testsuite>